Library/Bee/Android/Prj/Mono2x/Gradle/unityLibrary/build/intermediates/manifest_merge_blame_file/release/manifest-merger-blame-release-report.txt
1<?xml version="1.0" encoding="utf-8"?>
2<manifest xmlns:android="http://schemas.android.com/apk/res/android"
3    xmlns:tools="http://schemas.android.com/tools"
4    package="com.unity3d.player"
5    android:versionCode="1"
6    android:versionName="1.0.2" >
7
8    <uses-sdk
9        android:minSdkVersion="23"
9-->src\main\AndroidManifest.xml
10        android:targetSdkVersion="30" />
10-->src\main\AndroidManifest.xml
11
12    <uses-feature android:glEsVersion="0x00030000" />
12-->src\main\AndroidManifest.xml:26:3-52
12-->src\main\AndroidManifest.xml:26:17-49
13    <uses-feature
13-->src\main\AndroidManifest.xml:27:3-91
14        android:name="android.hardware.vulkan.version"
14-->src\main\AndroidManifest.xml:27:17-63
15        android:required="false" />
15-->src\main\AndroidManifest.xml:27:64-88
16
17    <uses-permission android:name="android.permission.INTERNET" />
17-->src\main\AndroidManifest.xml:28:3-65
17-->src\main\AndroidManifest.xml:28:20-62
18    <uses-permission android:name="android.permission.ACCESS_NETWORK_STATE" />
18-->src\main\AndroidManifest.xml:29:3-77
18-->src\main\AndroidManifest.xml:29:20-74
19    <uses-permission android:name="android.permission.CAMERA" />
19-->src\main\AndroidManifest.xml:30:3-63
19-->src\main\AndroidManifest.xml:30:20-60
20
21    <uses-feature
21-->src\main\AndroidManifest.xml:31:3-83
22        android:name="android.hardware.camera"
22-->src\main\AndroidManifest.xml:31:17-55
23        android:required="false" />
23-->src\main\AndroidManifest.xml:31:56-80
24    <uses-feature
24-->src\main\AndroidManifest.xml:32:3-93
25        android:name="android.hardware.camera.autofocus"
25-->src\main\AndroidManifest.xml:32:17-65
26        android:required="false" />
26-->src\main\AndroidManifest.xml:32:66-90
27    <uses-feature
27-->src\main\AndroidManifest.xml:33:3-89
28        android:name="android.hardware.camera.front"
28-->src\main\AndroidManifest.xml:33:17-61
29        android:required="false" />
29-->src\main\AndroidManifest.xml:33:62-86
30    <uses-feature
30-->src\main\AndroidManifest.xml:34:3-88
31        android:name="android.hardware.touchscreen"
31-->src\main\AndroidManifest.xml:34:17-60
32        android:required="false" />
32-->src\main\AndroidManifest.xml:34:61-85
33    <uses-feature
33-->src\main\AndroidManifest.xml:35:3-99
34        android:name="android.hardware.touchscreen.multitouch"
34-->src\main\AndroidManifest.xml:35:17-71
35        android:required="false" />
35-->src\main\AndroidManifest.xml:35:72-96
36    <uses-feature
36-->src\main\AndroidManifest.xml:36:3-108
37        android:name="android.hardware.touchscreen.multitouch.distinct"
37-->src\main\AndroidManifest.xml:36:17-80
38        android:required="false" />
38-->src\main\AndroidManifest.xml:36:81-105
39
40    <uses-permission android:name="android.permission.POST_NOTIFICATIONS" />
40-->src\main\AndroidManifest.xml:37:3-75
40-->src\main\AndroidManifest.xml:37:20-72
41
42    <application android:extractNativeLibs="true" >
42-->src\main\AndroidManifest.xml:3:3-25:17
42-->src\main\AndroidManifest.xml:3:16-48
43        <activity
43-->src\main\AndroidManifest.xml:4:5-11:16
44            android:name="com.unity3d.player.UnityPlayerActivity"
44-->src\main\AndroidManifest.xml:4:15-68
45            android:configChanges="mcc|mnc|locale|touchscreen|keyboard|keyboardHidden|navigation|orientation|screenLayout|uiMode|screenSize|smallestScreenSize|fontScale|layoutDirection|density"
45-->src\main\AndroidManifest.xml:4:180-361
46            android:hardwareAccelerated="false"
46-->src\main\AndroidManifest.xml:4:397-432
47            android:launchMode="singleTask"
47-->src\main\AndroidManifest.xml:4:148-179
48            android:resizeableActivity="false"
48-->src\main\AndroidManifest.xml:4:362-396
49            android:screenOrientation="fullUser"
49-->src\main\AndroidManifest.xml:4:111-147
50            android:theme="@style/UnityThemeSelector" >
50-->src\main\AndroidManifest.xml:4:69-110
51            <intent-filter>
51-->src\main\AndroidManifest.xml:5:7-8:23
52                <action android:name="android.intent.action.MAIN" />
52-->src\main\AndroidManifest.xml:6:9-61
52-->src\main\AndroidManifest.xml:6:17-58
53
54                <category android:name="android.intent.category.LAUNCHER" />
54-->src\main\AndroidManifest.xml:7:9-69
54-->src\main\AndroidManifest.xml:7:19-66
55            </intent-filter>
56
57            <meta-data
57-->src\main\AndroidManifest.xml:9:7-82
58                android:name="unityplayer.UnityActivity"
58-->src\main\AndroidManifest.xml:9:18-58
59                android:value="true" />
59-->src\main\AndroidManifest.xml:9:59-79
60            <meta-data
60-->src\main\AndroidManifest.xml:10:7-78
61                android:name="android.notch_support"
61-->src\main\AndroidManifest.xml:10:18-54
62                android:value="true" />
62-->src\main\AndroidManifest.xml:10:55-75
63        </activity>
64
65        <meta-data
65-->src\main\AndroidManifest.xml:12:5-69
66            android:name="unity.splash-mode"
66-->src\main\AndroidManifest.xml:12:16-48
67            android:value="0" />
67-->src\main\AndroidManifest.xml:12:49-66
68        <meta-data
68-->src\main\AndroidManifest.xml:13:5-74
69            android:name="unity.splash-enable"
69-->src\main\AndroidManifest.xml:13:16-50
70            android:value="True" />
70-->src\main\AndroidManifest.xml:13:51-71
71        <meta-data
71-->src\main\AndroidManifest.xml:14:5-78
72            android:name="unity.launch-fullscreen"
72-->src\main\AndroidManifest.xml:14:16-54
73            android:value="True" />
73-->src\main\AndroidManifest.xml:14:55-75
74        <meta-data
74-->src\main\AndroidManifest.xml:15:5-84
75            android:name="unity.allow-resizable-window"
75-->src\main\AndroidManifest.xml:15:16-59
76            android:value="False" />
76-->src\main\AndroidManifest.xml:15:60-81
77        <meta-data
77-->src\main\AndroidManifest.xml:16:5-81
78            android:name="notch.config"
78-->src\main\AndroidManifest.xml:16:16-43
79            android:value="portrait|landscape" />
79-->src\main\AndroidManifest.xml:16:44-78
80
81        <receiver
81-->src\main\AndroidManifest.xml:17:5-113
82            android:name="com.unity.androidnotifications.UnityNotificationManager"
82-->src\main\AndroidManifest.xml:17:15-85
83            android:exported="false" />
83-->src\main\AndroidManifest.xml:17:86-110
84        <receiver
84-->src\main\AndroidManifest.xml:18:5-22:16
85            android:name="com.unity.androidnotifications.UnityNotificationRestartOnBootReceiver"
85-->src\main\AndroidManifest.xml:18:15-99
86            android:enabled="false"
86-->src\main\AndroidManifest.xml:18:100-123
87            android:exported="false" >
87-->src\main\AndroidManifest.xml:18:124-148
88            <intent-filter>
88-->src\main\AndroidManifest.xml:19:7-21:23
89                <action android:name="android.intent.action.BOOT_COMPLETED" />
89-->src\main\AndroidManifest.xml:20:9-71
89-->src\main\AndroidManifest.xml:20:17-68
90            </intent-filter>
91        </receiver>
92
93        <meta-data
93-->src\main\AndroidManifest.xml:23:5-99
94            android:name="com.unity.androidnotifications.exact_scheduling"
94-->src\main\AndroidManifest.xml:23:16-78
95            android:value="0" />
95-->src\main\AndroidManifest.xml:23:79-96
96        <meta-data
96-->src\main\AndroidManifest.xml:24:5-77
97            android:name="com.google.ar.core"
97-->src\main\AndroidManifest.xml:24:16-49
98            android:value="optional" />
98-->src\main\AndroidManifest.xml:24:50-74
99    </application>
100
101</manifest>